# JRE version: OpenJDK Runtime Environment (17.0.6) (build 17.0.6+0-b2043.56-9586694)
# Java VM: OpenJDK 64-Bit Server VM (17.0.6+0-b2043.56-9586694, mixed mode, tiered, compressed oops, compressed class ptrs, g1 gc, windows-amd64)
GC Precious Log:
 CPUs: 16 total, 16 available
 Memory: 15613M
 Large Page Support: Disabled
 NUMA Support: Disabled
 Compressed Oops: Enabled (32-bit)
 Heap Region Size: 1M
 Heap Min Capacity: 8M
 Heap Initial Capacity: 244M
 Heap Max Capacity: 2G
 Pre-touch: Disabled
 Parallel Workers: 13
 Concurrent Workers: 3
 Concurrent Refinement Workers: 13
 Periodic GC: Disabled
Heap:
 garbage-first heap   total 138240K, used 109976K [0x0000000080000000, 0x0000000100000000)
  region size 1024K, 32 young (32768K), 1 survivors (1024K)
 Metaspace       used 88457K, committed 89088K, reserved 1130496K
  class space    used 12063K, committed 12352K, reserved 1048576K
GC Heap History (20 events):
Event: 6.319 GC heap before
{Heap before GC invocations=26 (full 0):
 garbage-first heap   total 104448K, used 83177K [0x0000000080000000, 0x0000000100000000)
  region size 1024K, 28 young (28672K), 1 survivors (1024K)
 Metaspace       used 70886K, committed 71424K, reserved 1114112K
  class space    used 9276K, committed 9536K, reserved 1048576K
}
Event: 6.320 GC heap after
{Heap after GC invocations=27 (full 0):
 garbage-first heap   total 104448K, used 57256K [0x0000000080000000, 0x0000000100000000)
  region size 1024K, 3 young (3072K), 3 survivors (3072K)
 Metaspace       used 70886K, committed 71424K, reserved 1114112K
  class space    used 9276K, committed 9536K, reserved 1048576K
}
Event: 6.726 GC heap before
{Heap before GC invocations=28 (full 0):
 garbage-first heap   total 104448K, used 83880K [0x0000000080000000, 0x0000000100000000)
  region size 1024K, 29 young (29696K), 3 survivors (3072K)
 Metaspace       used 74390K, committed 74944K, reserved 1114112K
  class space    used 9959K, committed 10240K, reserved 1048576K
}
Event: 6.728 GC heap after
{Heap after GC invocations=29 (full 0):
 garbage-first heap   total 104448K, used 58907K [0x0000000080000000, 0x0000000100000000)
  region size 1024K, 4 young (4096K), 4 survivors (4096K)
 Metaspace       used 74390K, committed 74944K, reserved 1114112K
  class space    used 9959K, committed 10240K, reserved 1048576K
}
Event: 7.144 GC heap before
{Heap before GC invocations=29 (full 0):
 garbage-first heap   total 104448K, used 85531K [0x0000000080000000, 0x0000000100000000)
  region size 1024K, 30 young (30720K), 4 survivors (4096K)
 Metaspace       used 76905K, committed 77504K, reserved 1122304K
  class space    used 10316K, committed 10624K, reserved 1048576K
}
Event: 7.149 GC heap after
{Heap after GC invocations=30 (full 0):
 garbage-first heap   total 104448K, used 61294K [0x0000000080000000, 0x0000000100000000)
  region size 1024K, 4 young (4096K), 4 survivors (4096K)
 Metaspace       used 76905K, committed 77504K, reserved 1122304K
  class space    used 10316K, committed 10624K, reserved 1048576K
}
Event: 7.459 GC heap before
{Heap before GC invocations=31 (full 0):
 garbage-first heap   total 106496K, used 85870K [0x0000000080000000, 0x0000000100000000)
  region size 1024K, 28 young (28672K), 4 survivors (4096K)
 Metaspace       used 79705K, committed 80256K, reserved 1122304K
  class space    used 10780K, committed 11008K, reserved 1048576K
}
Event: 7.461 GC heap after
{Heap after GC invocations=32 (full 0):
 garbage-first heap   total 106496K, used 62593K [0x0000000080000000, 0x0000000100000000)
  region size 1024K, 2 young (2048K), 2 survivors (2048K)
 Metaspace       used 79705K, committed 80256K, reserved 1122304K
  class space    used 10780K, committed 11008K, reserved 1048576K
}
Event: 7.744 GC heap before
{Heap before GC invocations=32 (full 0):
 garbage-first heap   total 106496K, used 87169K [0x0000000080000000, 0x0000000100000000)
  region size 1024K, 27 young (27648K), 2 survivors (2048K)
 Metaspace       used 82755K, committed 83392K, reserved 1122304K
  class space    used 11170K, committed 11456K, reserved 1048576K
}
Event: 7.747 GC heap after
{Heap after GC invocations=33 (full 0):
 garbage-first heap   total 106496K, used 64881K [0x0000000080000000, 0x0000000100000000)
  region size 1024K, 4 young (4096K), 4 survivors (4096K)
 Metaspace       used 82755K, committed 83392K, reserved 1122304K
  class space    used 11170K, committed 11456K, reserved 1048576K
}
Event: 7.944 GC heap before
{Heap before GC invocations=34 (full 0):
 garbage-first heap   total 114688K, used 88433K [0x0000000080000000, 0x0000000100000000)
  region size 1024K, 27 young (27648K), 4 survivors (4096K)
 Metaspace       used 83469K, committed 84032K, reserved 1122304K
  class space    used 11255K, committed 11520K, reserved 1048576K
}
Event: 7.947 GC heap after
{Heap after GC invocations=35 (full 0):
 garbage-first heap   total 114688K, used 68103K [0x0000000080000000, 0x0000000100000000)
  region size 1024K, 4 young (4096K), 4 survivors (4096K)
 Metaspace       used 83469K, committed 84032K, reserved 1122304K
  class space    used 11255K, committed 11520K, reserved 1048576K
}
Event: 7.953 GC heap before
{Heap before GC invocations=35 (full 0):
 garbage-first heap   total 114688K, used 69127K [0x0000000080000000, 0x0000000100000000)
  region size 1024K, 5 young (5120K), 4 survivors (4096K)
 Metaspace       used 83471K, committed 84032K, reserved 1122304K
  class space    used 11255K, committed 11520K, reserved 1048576K
}
Event: 7.955 GC heap after
{Heap after GC invocations=36 (full 0):
 garbage-first heap   total 138240K, used 68078K [0x0000000080000000, 0x0000000100000000)
  region size 1024K, 1 young (1024K), 1 survivors (1024K)
 Metaspace       used 83471K, committed 84032K, reserved 1122304K
  class space    used 11255K, committed 11520K, reserved 1048576K
}
Event: 8.337 GC heap before
{Heap before GC invocations=36 (full 0):
 garbage-first heap   total 138240K, used 110062K [0x0000000080000000, 0x0000000100000000)
  region size 1024K, 43 young (44032K), 1 survivors (1024K)
 Metaspace       used 85496K, committed 86080K, reserved 1130496K
  class space    used 11451K, committed 11712K, reserved 1048576K
}
Event: 8.340 GC heap after
{Heap after GC invocations=37 (full 0):
 garbage-first heap   total 138240K, used 74906K [0x0000000080000000, 0x0000000100000000)
  region size 1024K, 6 young (6144K), 6 survivors (6144K)
 Metaspace       used 85496K, committed 86080K, reserved 1130496K
  class space    used 11451K, committed 11712K, reserved 1048576K
}
Event: 8.651 GC heap before
{Heap before GC invocations=38 (full 0):
 garbage-first heap   total 138240K, used 109722K [0x0000000080000000, 0x0000000100000000)
  region size 1024K, 41 young (41984K), 6 survivors (6144K)
 Metaspace       used 87893K, committed 88512K, reserved 1130496K
  class space    used 11990K, committed 12288K, reserved 1048576K
}
Event: 8.656 GC heap after
{Heap after GC invocations=39 (full 0):
 garbage-first heap   total 138240K, used 78685K [0x0000000080000000, 0x0000000100000000)
  region size 1024K, 4 young (4096K), 4 survivors (4096K)
 Metaspace       used 87893K, committed 88512K, reserved 1130496K
  class space    used 11990K, committed 12288K, reserved 1048576K
}
Event: 8.662 GC heap before
{Heap before GC invocations=39 (full 0):
 garbage-first heap   total 138240K, used 80733K [0x0000000080000000, 0x0000000100000000)
  region size 1024K, 6 young (6144K), 4 survivors (4096K)
 Metaspace       used 87903K, committed 88512K, reserved 1130496K
  class space    used 11991K, committed 12288K, reserved 1048576K
}
Event: 8.664 GC heap after
{Heap after GC invocations=40 (full 0):
 garbage-first heap   total 138240K, used 79256K [0x0000000080000000, 0x0000000100000000)
  region size 1024K, 1 young (1024K), 1 survivors (1024K)
 Metaspace       used 87903K, committed 88512K, reserved 1130496K
  class space    used 11991K, committed 12288K, reserved 1048576K
}

