# JRE version: OpenJDK Runtime Environment (17.0.6) (build 17.0.6+0-b2043.56-9586694)
# Java VM: OpenJDK 64-Bit Server VM (17.0.6+0-b2043.56-9586694, mixed mode, tiered, compressed oops, compressed class ptrs, g1 gc, windows-amd64)
GC Precious Log:
 CPUs: 16 total, 16 available
 Memory: 15613M
 Large Page Support: Disabled
 NUMA Support: Disabled
 Compressed Oops: Enabled (32-bit)
 Heap Region Size: 1M
 Heap Min Capacity: 8M
 Heap Initial Capacity: 244M
 Heap Max Capacity: 2G
 Pre-touch: Disabled
 Parallel Workers: 13
 Concurrent Workers: 3
 Concurrent Refinement Workers: 13
 Periodic GC: Disabled
Heap:
 garbage-first heap   total 104448K, used 72813K [0x0000000080000000, 0x0000000100000000)
  region size 1024K, 19 young (19456K), 1 survivors (1024K)
 Metaspace       used 69540K, committed 70144K, reserved 1114112K
  class space    used 9096K, committed 9344K, reserved 1048576K
GC Heap History (20 events):
Event: 4.058 GC heap before
{Heap before GC invocations=14 (full 0):
 garbage-first heap   total 86016K, used 66616K [0x0000000080000000, 0x0000000100000000)
  region size 1024K, 34 young (34816K), 2 survivors (2048K)
 Metaspace       used 51617K, committed 52032K, reserved 1097728K
  class space    used 6797K, committed 6976K, reserved 1048576K
}
Event: 4.060 GC heap after
{Heap after GC invocations=15 (full 0):
 garbage-first heap   total 86016K, used 36130K [0x0000000080000000, 0x0000000100000000)
  region size 1024K, 4 young (4096K), 4 survivors (4096K)
 Metaspace       used 51617K, committed 52032K, reserved 1097728K
  class space    used 6797K, committed 6976K, reserved 1048576K
}
Event: 4.348 GC heap before
{Heap before GC invocations=15 (full 0):
 garbage-first heap   total 86016K, used 69922K [0x0000000080000000, 0x0000000100000000)
  region size 1024K, 35 young (35840K), 4 survivors (4096K)
 Metaspace       used 54074K, committed 54528K, reserved 1097728K
  class space    used 7120K, committed 7296K, reserved 1048576K
}
Event: 4.351 GC heap after
{Heap after GC invocations=16 (full 0):
 garbage-first heap   total 86016K, used 44370K [0x0000000080000000, 0x0000000100000000)
  region size 1024K, 5 young (5120K), 5 survivors (5120K)
 Metaspace       used 54074K, committed 54528K, reserved 1097728K
  class space    used 7120K, committed 7296K, reserved 1048576K
}
Event: 4.589 GC heap before
{Heap before GC invocations=16 (full 0):
 garbage-first heap   total 86016K, used 64850K [0x0000000080000000, 0x0000000100000000)
  region size 1024K, 25 young (25600K), 5 survivors (5120K)
 Metaspace       used 57477K, committed 57984K, reserved 1105920K
  class space    used 7542K, committed 7744K, reserved 1048576K
}
Event: 4.592 GC heap after
{Heap after GC invocations=17 (full 0):
 garbage-first heap   total 86016K, used 45214K [0x0000000080000000, 0x0000000100000000)
  region size 1024K, 1 young (1024K), 1 survivors (1024K)
 Metaspace       used 57477K, committed 57984K, reserved 1105920K
  class space    used 7542K, committed 7744K, reserved 1048576K
}
Event: 4.933 GC heap before
{Heap before GC invocations=18 (full 0):
 garbage-first heap   total 86016K, used 66718K [0x0000000080000000, 0x0000000100000000)
  region size 1024K, 22 young (22528K), 1 survivors (1024K)
 Metaspace       used 61405K, committed 61888K, reserved 1105920K
  class space    used 8052K, committed 8256K, reserved 1048576K
}
Event: 4.936 GC heap after
{Heap after GC invocations=19 (full 0):
 garbage-first heap   total 86016K, used 46315K [0x0000000080000000, 0x0000000100000000)
  region size 1024K, 2 young (2048K), 2 survivors (2048K)
 Metaspace       used 61405K, committed 61888K, reserved 1105920K
  class space    used 8052K, committed 8256K, reserved 1048576K
}
Event: 5.089 GC heap before
{Heap before GC invocations=19 (full 0):
 garbage-first heap   total 86016K, used 58603K [0x0000000080000000, 0x0000000100000000)
  region size 1024K, 15 young (15360K), 2 survivors (2048K)
 Metaspace       used 63923K, committed 64512K, reserved 1105920K
  class space    used 8372K, committed 8640K, reserved 1048576K
}
Event: 5.092 GC heap after
{Heap after GC invocations=20 (full 0):
 garbage-first heap   total 86016K, used 48037K [0x0000000080000000, 0x0000000100000000)
  region size 1024K, 3 young (3072K), 3 survivors (3072K)
 Metaspace       used 63923K, committed 64512K, reserved 1105920K
  class space    used 8372K, committed 8640K, reserved 1048576K
}
Event: 5.240 GC heap before
{Heap before GC invocations=21 (full 0):
 garbage-first heap   total 104448K, used 73637K [0x0000000080000000, 0x0000000100000000)
  region size 1024K, 22 young (22528K), 3 survivors (3072K)
 Metaspace       used 65042K, committed 65536K, reserved 1105920K
  class space    used 8514K, committed 8768K, reserved 1048576K
}
Event: 5.243 GC heap after
{Heap after GC invocations=22 (full 0):
 garbage-first heap   total 104448K, used 50150K [0x0000000080000000, 0x0000000100000000)
  region size 1024K, 3 young (3072K), 3 survivors (3072K)
 Metaspace       used 65042K, committed 65536K, reserved 1105920K
  class space    used 8514K, committed 8768K, reserved 1048576K
}
Event: 5.502 GC heap before
{Heap before GC invocations=22 (full 0):
 garbage-first heap   total 104448K, used 76774K [0x0000000080000000, 0x0000000100000000)
  region size 1024K, 29 young (29696K), 3 survivors (3072K)
 Metaspace       used 67119K, committed 67648K, reserved 1114112K
  class space    used 8771K, committed 9024K, reserved 1048576K
}
Event: 5.505 GC heap after
{Heap after GC invocations=23 (full 0):
 garbage-first heap   total 104448K, used 52743K [0x0000000080000000, 0x0000000100000000)
  region size 1024K, 3 young (3072K), 3 survivors (3072K)
 Metaspace       used 67119K, committed 67648K, reserved 1114112K
  class space    used 8771K, committed 9024K, reserved 1048576K
}
Event: 5.608 GC heap before
{Heap before GC invocations=24 (full 0):
 garbage-first heap   total 104448K, used 60935K [0x0000000080000000, 0x0000000100000000)
  region size 1024K, 12 young (12288K), 3 survivors (3072K)
 Metaspace       used 68078K, committed 68608K, reserved 1114112K
  class space    used 8875K, committed 9088K, reserved 1048576K
}
Event: 5.610 GC heap after
{Heap after GC invocations=25 (full 0):
 garbage-first heap   total 104448K, used 53663K [0x0000000080000000, 0x0000000100000000)
  region size 1024K, 2 young (2048K), 2 survivors (2048K)
 Metaspace       used 68078K, committed 68608K, reserved 1114112K
  class space    used 8875K, committed 9088K, reserved 1048576K
}
Event: 5.805 GC heap before
{Heap before GC invocations=26 (full 0):
 garbage-first heap   total 104448K, used 79263K [0x0000000080000000, 0x0000000100000000)
  region size 1024K, 27 young (27648K), 2 survivors (2048K)
 Metaspace       used 68986K, committed 69504K, reserved 1114112K
  class space    used 9025K, committed 9280K, reserved 1048576K
}
Event: 5.806 GC heap after
{Heap after GC invocations=27 (full 0):
 garbage-first heap   total 104448K, used 54888K [0x0000000080000000, 0x0000000100000000)
  region size 1024K, 3 young (3072K), 3 survivors (3072K)
 Metaspace       used 68986K, committed 69504K, reserved 1114112K
  class space    used 9025K, committed 9280K, reserved 1048576K
}
Event: 5.816 GC heap before
{Heap before GC invocations=27 (full 0):
 garbage-first heap   total 104448K, used 56936K [0x0000000080000000, 0x0000000100000000)
  region size 1024K, 5 young (5120K), 3 survivors (3072K)
 Metaspace       used 68999K, committed 69504K, reserved 1114112K
  class space    used 9027K, committed 9280K, reserved 1048576K
}
Event: 5.817 GC heap after
{Heap after GC invocations=28 (full 0):
 garbage-first heap   total 104448K, used 55405K [0x0000000080000000, 0x0000000100000000)
  region size 1024K, 1 young (1024K), 1 survivors (1024K)
 Metaspace       used 68999K, committed 69504K, reserved 1114112K
  class space    used 9027K, committed 9280K, reserved 1048576K
}

